-- The C compiler identification is GNU 11.4.0
-- The CXX compiler identification is GNU 11.4.0
-- Detecting C compiler ABI info
-- Detecting C compiler ABI info - done
-- Check for working C compiler: /usr/bin/cc - skipped
-- Detecting C compile features
-- Detecting C compile features - done
-- Detecting CXX compiler ABI info
-- Detecting CXX compiler ABI info - done
-- Check for working CXX compiler: /usr/bin/c++ - skipped
-- Detecting CXX compile features
-- Detecting CXX compile features - done
-- Found ament_cmake: 1.3.11 (/opt/ros/humble/share/ament_cmake/cmake)
-- Found Python3: /usr/bin/python3 (found version "3.10.12") found components: Interpreter 
-- Override CMake install command with custom implementation using symlinks instead of copying resources
-- Found rclcpp: 16.0.12 (/opt/ros/humble/share/rclcpp/cmake)
-- Found rosidl_generator_c: 3.1.6 (/opt/ros/humble/share/rosidl_generator_c/cmake)
-- Found rosidl_adapter: 3.1.6 (/opt/ros/humble/share/rosidl_adapter/cmake)
-- Found rosidl_generator_cpp: 3.1.6 (/opt/ros/humble/share/rosidl_generator_cpp/cmake)
-- Using all available rosidl_typesupport_c: rosidl_typesupport_fastrtps_c;rosidl_typesupport_introspection_c
-- Using all available rosidl_typesupport_cpp: rosidl_typesupport_fastrtps_cpp;rosidl_typesupport_introspection_cpp
-- Found rmw_implementation_cmake: 6.1.2 (/opt/ros/humble/share/rmw_implementation_cmake/cmake)
-- Found rmw_fastrtps_cpp: 6.2.7 (/opt/ros/humble/share/rmw_fastrtps_cpp/cmake)
-- Found OpenSSL: /usr/lib/x86_64-linux-gnu/libcrypto.so (found version "3.0.2")  
-- Found FastRTPS: /opt/ros/humble/include  
-- Using RMW implementation 'rmw_fastrtps_cpp' as default
-- Looking for pthread.h
-- Looking for pthread.h - found
-- Performing Test CMAKE_HAVE_LIBC_PTHREAD
-- Performing Test CMAKE_HAVE_LIBC_PTHREAD - Success
-- Found Threads: TRUE  
-- Found rclpy: 3.3.16 (/opt/ros/humble/share/rclpy/cmake)
-- Found ament_lint_auto: 0.12.12 (/opt/ros/humble/share/ament_lint_auto/cmake)
-- Found rosidl_default_generators: 1.2.0 (/opt/ros/humble/share/rosidl_default_generators/cmake)
-- Found ament_cmake_ros: 0.10.0 (/opt/ros/humble/share/ament_cmake_ros/cmake)
-- Using all available rosidl_typesupport_c: rosidl_typesupport_fastrtps_c;rosidl_typesupport_introspection_c
-- Using all available rosidl_typesupport_cpp: rosidl_typesupport_fastrtps_cpp;rosidl_typesupport_introspection_cpp
-- Found PythonInterp: /usr/bin/python3 (found suitable version "3.10.12", minimum required is "3.6") 
-- Found python_cmake_module: 0.10.0 (/opt/ros/humble/share/python_cmake_module/cmake)
-- Found PythonLibs: /usr/lib/x86_64-linux-gnu/libpython3.10.so (found suitable version "3.10.12", minimum required is "3.5") 
-- Using PYTHON_EXECUTABLE: /usr/bin/python3
-- Using PYTHON_INCLUDE_DIRS: /usr/include/python3.10
-- Using PYTHON_LIBRARIES: /usr/lib/x86_64-linux-gnu/libpython3.10.so
-- Found PythonExtra: .so  
-- Added test 'flake8' to check Python code syntax and style conventions
-- Added test 'lint_cmake' to check CMake code style
-- Added test 'pep257' to check Python code against some of the docstring style conventions in PEP 257
-- Added test 'xmllint' to check XML markup files
-- Configuring done
-- Generating done
-- Build files have been written to: /home/tanmmay/clean_induction/induction-tanmmay/build/coordinate_follower
[  3%] [34m[1mGenerating C code for ROS interfaces[0m
[  6%] [34m[1mGenerating C++ code for ROS interfaces[0m
[  6%] Built target ament_cmake_python_symlink_coordinate_follower
running egg_info
creating coordinate_follower.egg-info
writing coordinate_follower.egg-info/PKG-INFO
writing dependency_links to coordinate_follower.egg-info/dependency_links.txt
writing top-level names to coordinate_follower.egg-info/top_level.txt
writing manifest file 'coordinate_follower.egg-info/SOURCES.txt'
reading manifest file 'coordinate_follower.egg-info/SOURCES.txt'
writing manifest file 'coordinate_follower.egg-info/SOURCES.txt'
[  6%] Built target ament_cmake_python_build_coordinate_follower_egg
[  9%] [32mBuilding C object CMakeFiles/coordinate_follower__rosidl_generator_c.dir/rosidl_generator_c/coordinate_follower/action/detail/follow_target__functions.c.o[0m
[  9%] Built target coordinate_follower__cpp
[ 16%] [34m[1mGenerating C++ introspection for ROS interfaces[0m
[ 16%] [34m[1mGenerating C++ type support dispatch for ROS interfaces[0m
[ 19%] [34m[1mGenerating C++ type support for eProsima Fast-RTPS[0m
[ 22%] [32m[1mLinking C shared library libcoordinate_follower__rosidl_generator_c.so[0m
[ 22%] Built target coordinate_follower__rosidl_generator_c
[ 25%] [34m[1mGenerating C type support for eProsima Fast-RTPS[0m
[ 32%] [34m[1mGenerating C introspection for ROS interfaces[0m
[ 32%] [34m[1mGenerating C type support dispatch for ROS interfaces[0m
[ 35%] [32mBuilding CXX object CMakeFiles/coordinate_follower__rosidl_typesupport_cpp.dir/rosidl_typesupport_cpp/coordinate_follower/action/follow_target__type_support.cpp.o[0m
[ 38%] [32mBuilding CXX object CMakeFiles/coordinate_follower__rosidl_typesupport_introspection_cpp.dir/rosidl_typesupport_introspection_cpp/coordinate_follower/action/detail/follow_target__type_support.cpp.o[0m
[ 41%] [32mBuilding CXX object CMakeFiles/coordinate_follower__rosidl_typesupport_fastrtps_cpp.dir/rosidl_typesupport_fastrtps_cpp/coordinate_follower/action/detail/dds_fastrtps/follow_target__type_support.cpp.o[0m
[ 45%] [32mBuilding CXX object CMakeFiles/coordinate_follower__rosidl_typesupport_c.dir/rosidl_typesupport_c/coordinate_follower/action/follow_target__type_support.cpp.o[0m
[ 48%] [32m[1mLinking CXX shared library libcoordinate_follower__rosidl_typesupport_c.so[0m
[ 51%] [32mBuilding C object CMakeFiles/coordinate_follower__rosidl_typesupport_introspection_c.dir/rosidl_typesupport_introspection_c/coordinate_follower/action/detail/follow_target__type_support.c.o[0m
[ 54%] [32m[1mLinking C shared library libcoordinate_follower__rosidl_typesupport_introspection_c.so[0m
[ 58%] [32mBuilding CXX object CMakeFiles/coordinate_follower__rosidl_typesupport_fastrtps_c.dir/rosidl_typesupport_fastrtps_c/coordinate_follower/action/detail/follow_target__type_support_c.cpp.o[0m
[ 58%] Built target coordinate_follower__rosidl_typesupport_c
[ 58%] Built target coordinate_follower__rosidl_typesupport_introspection_c
[ 61%] [32m[1mLinking CXX shared library libcoordinate_follower__rosidl_typesupport_cpp.so[0m
[ 61%] Built target coordinate_follower__rosidl_typesupport_cpp
[ 64%] [32m[1mLinking CXX shared library libcoordinate_follower__rosidl_typesupport_introspection_cpp.so[0m
[ 67%] [32m[1mLinking CXX shared library libcoordinate_follower__rosidl_typesupport_fastrtps_cpp.so[0m
[ 70%] [32m[1mLinking CXX shared library libcoordinate_follower__rosidl_typesupport_fastrtps_c.so[0m
[ 70%] Built target coordinate_follower__rosidl_typesupport_introspection_cpp
[ 70%] Built target coordinate_follower__rosidl_typesupport_fastrtps_cpp
[ 70%] Built target coordinate_follower__rosidl_typesupport_fastrtps_c
[ 70%] Built target coordinate_follower
[ 74%] [34m[1mGenerating Python code for ROS interfaces[0m
[ 74%] Built target coordinate_follower__py
[ 77%] [32mBuilding C object CMakeFiles/coordinate_follower__rosidl_generator_py.dir/rosidl_generator_py/coordinate_follower/action/_follow_target_s.c.o[0m
[ 80%] [32m[1mLinking C shared library rosidl_generator_py/coordinate_follower/libcoordinate_follower__rosidl_generator_py.so[0m
[ 80%] Built target coordinate_follower__rosidl_generator_py
[ 83%] [32mBuilding C object CMakeFiles/coordinate_follower__rosidl_typesupport_fastrtps_c__pyext.dir/rosidl_generator_py/coordinate_follower/_coordinate_follower_s.ep.rosidl_typesupport_fastrtps_c.c.o[0m
[ 87%] [32mBuilding C object CMakeFiles/coordinate_follower__rosidl_typesupport_c__pyext.dir/rosidl_generator_py/coordinate_follower/_coordinate_follower_s.ep.rosidl_typesupport_c.c.o[0m
[ 90%] [32mBuilding C object CMakeFiles/coordinate_follower__rosidl_typesupport_introspection_c__pyext.dir/rosidl_generator_py/coordinate_follower/_coordinate_follower_s.ep.rosidl_typesupport_introspection_c.c.o[0m
[ 93%] [32m[1mLinking C shared library rosidl_generator_py/coordinate_follower/coordinate_follower_s__rosidl_typesupport_c.cpython-310-x86_64-linux-gnu.so[0m
[ 96%] [32m[1mLinking C shared library rosidl_generator_py/coordinate_follower/coordinate_follower_s__rosidl_typesupport_introspection_c.cpython-310-x86_64-linux-gnu.so[0m
[100%] [32m[1mLinking C shared library rosidl_generator_py/coordinate_follower/coordinate_follower_s__rosidl_typesupport_fastrtps_c.cpython-310-x86_64-linux-gnu.so[0m
[100%] Built target coordinate_follower__rosidl_typesupport_introspection_c__pyext
[100%] Built target coordinate_follower__rosidl_typesupport_c__pyext
[100%] Built target coordinate_follower__rosidl_typesupport_fastrtps_c__pyext
-- Install configuration: ""
-- Execute custom install script
-- Symlinking: /home/tanmmay/clean_induction/induction-tanmmay/install/coordinate_follower/share/ament_index/resource_index/rosidl_interfaces/coordinate_follower
-- Symlinking: /home/tanmmay/clean_induction/induction-tanmmay/install/coordinate_follower/include/coordinate_follower/coordinate_follower/action/detail/follow_target__functions.h
-- Symlinking: /home/tanmmay/clean_induction/induction-tanmmay/install/coordinate_follower/include/coordinate_follower/coordinate_follower/action/detail/follow_target__struct.h
-- Symlinking: /home/tanmmay/clean_induction/induction-tanmmay/install/coordinate_follower/include/coordinate_follower/coordinate_follower/action/detail/follow_target__type_support.h
-- Symlinking: /home/tanmmay/clean_induction/induction-tanmmay/install/coordinate_follower/include/coordinate_follower/coordinate_follower/action/follow_target.h
-- Symlinking: /home/tanmmay/clean_induction/induction-tanmmay/install/coordinate_follower/include/coordinate_follower/coordinate_follower/msg/rosidl_generator_c__visibility_control.h
-- Symlinking: /home/tanmmay/clean_induction/induction-tanmmay/install/coordinate_follower/share/coordinate_follower/environment/library_path.sh
-- Symlinking: /home/tanmmay/clean_induction/induction-tanmmay/install/coordinate_follower/share/coordinate_follower/environment/library_path.dsv
-- Symlinking: /home/tanmmay/clean_induction/induction-tanmmay/install/coordinate_follower/include/coordinate_follower/coordinate_follower/action/detail/follow_target__rosidl_typesupport_fastrtps_c.h
-- Symlinking: /home/tanmmay/clean_induction/induction-tanmmay/install/coordinate_follower/include/coordinate_follower/coordinate_follower/msg/rosidl_typesupport_fastrtps_c__visibility_control.h
-- Symlinking: /home/tanmmay/clean_induction/induction-tanmmay/install/coordinate_follower/include/coordinate_follower/coordinate_follower/action/detail/follow_target__builder.hpp
-- Symlinking: /home/tanmmay/clean_induction/induction-tanmmay/install/coordinate_follower/include/coordinate_follower/coordinate_follower/action/detail/follow_target__struct.hpp
-- Symlinking: /home/tanmmay/clean_induction/induction-tanmmay/install/coordinate_follower/include/coordinate_follower/coordinate_follower/action/detail/follow_target__traits.hpp
-- Symlinking: /home/tanmmay/clean_induction/induction-tanmmay/install/coordinate_follower/include/coordinate_follower/coordinate_follower/action/detail/follow_target__type_support.hpp
-- Symlinking: /home/tanmmay/clean_induction/induction-tanmmay/install/coordinate_follower/include/coordinate_follower/coordinate_follower/action/follow_target.hpp
-- Symlinking: /home/tanmmay/clean_induction/induction-tanmmay/install/coordinate_follower/include/coordinate_follower/coordinate_follower/msg/rosidl_generator_cpp__visibility_control.hpp
-- Symlinking: /home/tanmmay/clean_induction/induction-tanmmay/install/coordinate_follower/include/coordinate_follower/coordinate_follower/action/detail/follow_target__rosidl_typesupport_fastrtps_cpp.hpp
-- Symlinking: /home/tanmmay/clean_induction/induction-tanmmay/install/coordinate_follower/include/coordinate_follower/coordinate_follower/msg/rosidl_typesupport_fastrtps_cpp__visibility_control.h
-- Symlinking: /home/tanmmay/clean_induction/induction-tanmmay/install/coordinate_follower/include/coordinate_follower/coordinate_follower/action/detail/follow_target__rosidl_typesupport_introspection_c.h
-- Symlinking: /home/tanmmay/clean_induction/induction-tanmmay/install/coordinate_follower/include/coordinate_follower/coordinate_follower/msg/rosidl_typesupport_introspection_c__visibility_control.h
-- Symlinking: /home/tanmmay/clean_induction/induction-tanmmay/install/coordinate_follower/include/coordinate_follower/coordinate_follower/action/detail/follow_target__rosidl_typesupport_introspection_cpp.hpp
-- Symlinking: /home/tanmmay/clean_induction/induction-tanmmay/install/coordinate_follower/share/coordinate_follower/environment/pythonpath.sh
-- Symlinking: /home/tanmmay/clean_induction/induction-tanmmay/install/coordinate_follower/share/coordinate_follower/environment/pythonpath.dsv
-- Symlinking: /home/tanmmay/clean_induction/induction-tanmmay/install/coordinate_follower/local/lib/python3.10/dist-packages/coordinate_follower-0.0.0-py3.10.egg-info/PKG-INFO
-- Symlinking: /home/tanmmay/clean_induction/induction-tanmmay/install/coordinate_follower/local/lib/python3.10/dist-packages/coordinate_follower-0.0.0-py3.10.egg-info/SOURCES.txt
-- Symlinking: /home/tanmmay/clean_induction/induction-tanmmay/install/coordinate_follower/local/lib/python3.10/dist-packages/coordinate_follower-0.0.0-py3.10.egg-info/dependency_links.txt
-- Symlinking: /home/tanmmay/clean_induction/induction-tanmmay/install/coordinate_follower/local/lib/python3.10/dist-packages/coordinate_follower-0.0.0-py3.10.egg-info/top_level.txt
-- Symlinking: /home/tanmmay/clean_induction/induction-tanmmay/install/coordinate_follower/local/lib/python3.10/dist-packages/coordinate_follower/__init__.py
-- Symlinking: /home/tanmmay/clean_induction/induction-tanmmay/install/coordinate_follower/local/lib/python3.10/dist-packages/coordinate_follower/_coordinate_follower_s.ep.rosidl_typesupport_c.c
-- Symlinking: /home/tanmmay/clean_induction/induction-tanmmay/install/coordinate_follower/local/lib/python3.10/dist-packages/coordinate_follower/_coordinate_follower_s.ep.rosidl_typesupport_fastrtps_c.c
-- Symlinking: /home/tanmmay/clean_induction/induction-tanmmay/install/coordinate_follower/local/lib/python3.10/dist-packages/coordinate_follower/_coordinate_follower_s.ep.rosidl_typesupport_introspection_c.c
-- Symlinking: /home/tanmmay/clean_induction/induction-tanmmay/install/coordinate_follower/local/lib/python3.10/dist-packages/coordinate_follower/action/__init__.py
-- Symlinking: /home/tanmmay/clean_induction/induction-tanmmay/install/coordinate_follower/local/lib/python3.10/dist-packages/coordinate_follower/action/_follow_target.py
-- Symlinking: /home/tanmmay/clean_induction/induction-tanmmay/install/coordinate_follower/local/lib/python3.10/dist-packages/coordinate_follower/action/_follow_target_s.c
-- Symlinking: /home/tanmmay/clean_induction/induction-tanmmay/install/coordinate_follower/local/lib/python3.10/dist-packages/coordinate_follower/coordinate_follower_s__rosidl_typesupport_c.cpython-310-x86_64-linux-gnu.so
-- Symlinking: /home/tanmmay/clean_induction/induction-tanmmay/install/coordinate_follower/local/lib/python3.10/dist-packages/coordinate_follower/coordinate_follower_s__rosidl_typesupport_fastrtps_c.cpython-310-x86_64-linux-gnu.so
-- Symlinking: /home/tanmmay/clean_induction/induction-tanmmay/install/coordinate_follower/local/lib/python3.10/dist-packages/coordinate_follower/coordinate_follower_s__rosidl_typesupport_introspection_c.cpython-310-x86_64-linux-gnu.so
-- Symlinking: /home/tanmmay/clean_induction/induction-tanmmay/install/coordinate_follower/local/lib/python3.10/dist-packages/coordinate_follower/libcoordinate_follower__rosidl_generator_py.so
-- Up-to-date symlink: /home/tanmmay/clean_induction/induction-tanmmay/install/coordinate_follower/local/lib/python3.10/dist-packages/coordinate_follower/coordinate_follower_s__rosidl_typesupport_fastrtps_c.cpython-310-x86_64-linux-gnu.so
-- Up-to-date symlink: /home/tanmmay/clean_induction/induction-tanmmay/install/coordinate_follower/local/lib/python3.10/dist-packages/coordinate_follower/coordinate_follower_s__rosidl_typesupport_introspection_c.cpython-310-x86_64-linux-gnu.so
-- Up-to-date symlink: /home/tanmmay/clean_induction/induction-tanmmay/install/coordinate_follower/local/lib/python3.10/dist-packages/coordinate_follower/coordinate_follower_s__rosidl_typesupport_c.cpython-310-x86_64-linux-gnu.so
-- Symlinking: /home/tanmmay/clean_induction/induction-tanmmay/install/coordinate_follower/share/coordinate_follower/action/FollowTarget.idl
-- Symlinking: /home/tanmmay/clean_induction/induction-tanmmay/install/coordinate_follower/share/coordinate_follower/action/FollowTarget.action
-- Symlinking: /home/tanmmay/clean_induction/induction-tanmmay/install/coordinate_follower/share/ament_index/resource_index/package_run_dependencies/coordinate_follower
-- Symlinking: /home/tanmmay/clean_induction/induction-tanmmay/install/coordinate_follower/share/ament_index/resource_index/parent_prefix_path/coordinate_follower
-- Symlinking: /home/tanmmay/clean_induction/induction-tanmmay/install/coordinate_follower/share/coordinate_follower/environment/ament_prefix_path.sh
-- Symlinking: /home/tanmmay/clean_induction/induction-tanmmay/install/coordinate_follower/share/coordinate_follower/environment/ament_prefix_path.dsv
-- Symlinking: /home/tanmmay/clean_induction/induction-tanmmay/install/coordinate_follower/share/coordinate_follower/environment/path.sh
-- Symlinking: /home/tanmmay/clean_induction/induction-tanmmay/install/coordinate_follower/share/coordinate_follower/environment/path.dsv
-- Symlinking: /home/tanmmay/clean_induction/induction-tanmmay/install/coordinate_follower/share/coordinate_follower/local_setup.bash
-- Symlinking: /home/tanmmay/clean_induction/induction-tanmmay/install/coordinate_follower/share/coordinate_follower/local_setup.sh
-- Symlinking: /home/tanmmay/clean_induction/induction-tanmmay/install/coordinate_follower/share/coordinate_follower/local_setup.zsh
-- Symlinking: /home/tanmmay/clean_induction/induction-tanmmay/install/coordinate_follower/share/coordinate_follower/local_setup.dsv
-- Symlinking: /home/tanmmay/clean_induction/induction-tanmmay/install/coordinate_follower/share/coordinate_follower/package.dsv
-- Symlinking: /home/tanmmay/clean_induction/induction-tanmmay/install/coordinate_follower/share/ament_index/resource_index/packages/coordinate_follower
-- Symlinking: /home/tanmmay/clean_induction/induction-tanmmay/install/coordinate_follower/share/coordinate_follower/cmake/rosidl_cmake-extras.cmake
-- Symlinking: /home/tanmmay/clean_induction/induction-tanmmay/install/coordinate_follower/share/coordinate_follower/cmake/ament_cmake_export_dependencies-extras.cmake
-- Symlinking: /home/tanmmay/clean_induction/induction-tanmmay/install/coordinate_follower/share/coordinate_follower/cmake/ament_cmake_export_include_directories-extras.cmake
-- Symlinking: /home/tanmmay/clean_induction/induction-tanmmay/install/coordinate_follower/share/coordinate_follower/cmake/ament_cmake_export_libraries-extras.cmake
-- Symlinking: /home/tanmmay/clean_induction/induction-tanmmay/install/coordinate_follower/share/coordinate_follower/cmake/ament_cmake_export_targets-extras.cmake
-- Symlinking: /home/tanmmay/clean_induction/induction-tanmmay/install/coordinate_follower/share/coordinate_follower/cmake/rosidl_cmake_export_typesupport_targets-extras.cmake
-- Symlinking: /home/tanmmay/clean_induction/induction-tanmmay/install/coordinate_follower/share/coordinate_follower/cmake/rosidl_cmake_export_typesupport_libraries-extras.cmake
-- Symlinking: /home/tanmmay/clean_induction/induction-tanmmay/install/coordinate_follower/share/coordinate_follower/cmake/coordinate_followerConfig.cmake
-- Symlinking: /home/tanmmay/clean_induction/induction-tanmmay/install/coordinate_follower/share/coordinate_follower/cmake/coordinate_followerConfig-version.cmake
-- Symlinking: /home/tanmmay/clean_induction/induction-tanmmay/install/coordinate_follower/share/coordinate_follower/package.xml
-- Symlinking: /home/tanmmay/clean_induction/induction-tanmmay/install/coordinate_follower/lib/coordinate_follower/follower_server.py
-- Symlinking: /home/tanmmay/clean_induction/induction-tanmmay/install/coordinate_follower/lib/coordinate_follower/follower_client.py
-- Installing: /home/tanmmay/clean_induction/induction-tanmmay/install/coordinate_follower/lib/libcoordinate_follower__rosidl_generator_c.so
-- Set runtime path of "/home/tanmmay/clean_induction/induction-tanmmay/install/coordinate_follower/lib/libcoordinate_follower__rosidl_generator_c.so" to ""
-- Installing: /home/tanmmay/clean_induction/induction-tanmmay/install/coordinate_follower/lib/libcoordinate_follower__rosidl_typesupport_fastrtps_c.so
-- Set runtime path of "/home/tanmmay/clean_induction/induction-tanmmay/install/coordinate_follower/lib/libcoordinate_follower__rosidl_typesupport_fastrtps_c.so" to ""
-- Installing: /home/tanmmay/clean_induction/induction-tanmmay/install/coordinate_follower/lib/libcoordinate_follower__rosidl_typesupport_fastrtps_cpp.so
-- Set runtime path of "/home/tanmmay/clean_induction/induction-tanmmay/install/coordinate_follower/lib/libcoordinate_follower__rosidl_typesupport_fastrtps_cpp.so" to ""
-- Installing: /home/tanmmay/clean_induction/induction-tanmmay/install/coordinate_follower/lib/libcoordinate_follower__rosidl_typesupport_introspection_c.so
-- Set runtime path of "/home/tanmmay/clean_induction/induction-tanmmay/install/coordinate_follower/lib/libcoordinate_follower__rosidl_typesupport_introspection_c.so" to ""
-- Installing: /home/tanmmay/clean_induction/induction-tanmmay/install/coordinate_follower/lib/libcoordinate_follower__rosidl_typesupport_c.so
-- Set runtime path of "/home/tanmmay/clean_induction/induction-tanmmay/install/coordinate_follower/lib/libcoordinate_follower__rosidl_typesupport_c.so" to ""
-- Installing: /home/tanmmay/clean_induction/induction-tanmmay/install/coordinate_follower/lib/libcoordinate_follower__rosidl_typesupport_introspection_cpp.so
-- Set runtime path of "/home/tanmmay/clean_induction/induction-tanmmay/install/coordinate_follower/lib/libcoordinate_follower__rosidl_typesupport_introspection_cpp.so" to ""
-- Installing: /home/tanmmay/clean_induction/induction-tanmmay/install/coordinate_follower/lib/libcoordinate_follower__rosidl_typesupport_cpp.so
-- Set runtime path of "/home/tanmmay/clean_induction/induction-tanmmay/install/coordinate_follower/lib/libcoordinate_follower__rosidl_typesupport_cpp.so" to ""
Listing '/home/tanmmay/clean_induction/induction-tanmmay/install/coordinate_follower/local/lib/python3.10/dist-packages/coordinate_follower'...
Compiling '/home/tanmmay/clean_induction/induction-tanmmay/install/coordinate_follower/local/lib/python3.10/dist-packages/coordinate_follower/__init__.py'...
Listing '/home/tanmmay/clean_induction/induction-tanmmay/install/coordinate_follower/local/lib/python3.10/dist-packages/coordinate_follower/action'...
Compiling '/home/tanmmay/clean_induction/induction-tanmmay/install/coordinate_follower/local/lib/python3.10/dist-packages/coordinate_follower/action/__init__.py'...
Compiling '/home/tanmmay/clean_induction/induction-tanmmay/install/coordinate_follower/local/lib/python3.10/dist-packages/coordinate_follower/action/_follow_target.py'...
-- Installing: /home/tanmmay/clean_induction/induction-tanmmay/install/coordinate_follower/lib/libcoordinate_follower__rosidl_generator_py.so
-- Set runtime path of "/home/tanmmay/clean_induction/induction-tanmmay/install/coordinate_follower/lib/libcoordinate_follower__rosidl_generator_py.so" to ""
-- Installing: /home/tanmmay/clean_induction/induction-tanmmay/install/coordinate_follower/share/coordinate_follower/cmake/export_coordinate_follower__rosidl_generator_cExport.cmake
-- Installing: /home/tanmmay/clean_induction/induction-tanmmay/install/coordinate_follower/share/coordinate_follower/cmake/export_coordinate_follower__rosidl_generator_cExport-noconfig.cmake
-- Installing: /home/tanmmay/clean_induction/induction-tanmmay/install/coordinate_follower/share/coordinate_follower/cmake/export_coordinate_follower__rosidl_typesupport_fastrtps_cExport.cmake
-- Installing: /home/tanmmay/clean_induction/induction-tanmmay/install/coordinate_follower/share/coordinate_follower/cmake/export_coordinate_follower__rosidl_typesupport_fastrtps_cExport-noconfig.cmake
-- Installing: /home/tanmmay/clean_induction/induction-tanmmay/install/coordinate_follower/share/coordinate_follower/cmake/export_coordinate_follower__rosidl_generator_cppExport.cmake
-- Installing: /home/tanmmay/clean_induction/induction-tanmmay/install/coordinate_follower/share/coordinate_follower/cmake/export_coordinate_follower__rosidl_typesupport_fastrtps_cppExport.cmake
-- Installing: /home/tanmmay/clean_induction/induction-tanmmay/install/coordinate_follower/share/coordinate_follower/cmake/export_coordinate_follower__rosidl_typesupport_fastrtps_cppExport-noconfig.cmake
-- Installing: /home/tanmmay/clean_induction/induction-tanmmay/install/coordinate_follower/share/coordinate_follower/cmake/coordinate_follower__rosidl_typesupport_introspection_cExport.cmake
-- Installing: /home/tanmmay/clean_induction/induction-tanmmay/install/coordinate_follower/share/coordinate_follower/cmake/coordinate_follower__rosidl_typesupport_introspection_cExport-noconfig.cmake
-- Installing: /home/tanmmay/clean_induction/induction-tanmmay/install/coordinate_follower/share/coordinate_follower/cmake/coordinate_follower__rosidl_typesupport_cExport.cmake
-- Installing: /home/tanmmay/clean_induction/induction-tanmmay/install/coordinate_follower/share/coordinate_follower/cmake/coordinate_follower__rosidl_typesupport_cExport-noconfig.cmake
-- Installing: /home/tanmmay/clean_induction/induction-tanmmay/install/coordinate_follower/share/coordinate_follower/cmake/coordinate_follower__rosidl_typesupport_introspection_cppExport.cmake
-- Installing: /home/tanmmay/clean_induction/induction-tanmmay/install/coordinate_follower/share/coordinate_follower/cmake/coordinate_follower__rosidl_typesupport_introspection_cppExport-noconfig.cmake
-- Installing: /home/tanmmay/clean_induction/induction-tanmmay/install/coordinate_follower/share/coordinate_follower/cmake/coordinate_follower__rosidl_typesupport_cppExport.cmake
-- Installing: /home/tanmmay/clean_induction/induction-tanmmay/install/coordinate_follower/share/coordinate_follower/cmake/coordinate_follower__rosidl_typesupport_cppExport-noconfig.cmake
-- Installing: /home/tanmmay/clean_induction/induction-tanmmay/install/coordinate_follower/share/coordinate_follower/cmake/export_coordinate_follower__rosidl_generator_pyExport.cmake
-- Installing: /home/tanmmay/clean_induction/induction-tanmmay/install/coordinate_follower/share/coordinate_follower/cmake/export_coordinate_follower__rosidl_generator_pyExport-noconfig.cmake
