[0.030s] Invoking command in '/home/tanmmay/clean_induction/induction-tanmmay/build/coordinate_follower': CMAKE_PREFIX_PATH=${CMAKE_PREFIX_PATH}:/opt/ros/humble /usr/bin/cmake /home/tanmmay/clean_induction/induction-tanmmay/src/coordinate_follower -DAMENT_CMAKE_SYMLINK_INSTALL=1 -DCMAKE_INSTALL_PREFIX=/home/tanmmay/clean_induction/induction-tanmmay/install/coordinate_follower
[0.524s] -- The C compiler identification is GNU 11.4.0
[1.421s] -- The CXX compiler identification is GNU 11.4.0
[2.523s] -- Detecting C compiler ABI info
[2.869s] -- Detecting C compiler ABI info - done
[2.878s] -- Check for working C compiler: /usr/bin/cc - skipped
[2.879s] -- Detecting C compile features
[2.879s] -- Detecting C compile features - done
[2.884s] -- Detecting CXX compiler ABI info
[3.304s] -- Detecting CXX compiler ABI info - done
[3.319s] -- Check for working CXX compiler: /usr/bin/c++ - skipped
[3.319s] -- Detecting CXX compile features
[3.320s] -- Detecting CXX compile features - done
[3.331s] -- Found ament_cmake: 1.3.11 (/opt/ros/humble/share/ament_cmake/cmake)
[3.486s] -- Found Python3: /usr/bin/python3 (found version "3.10.12") found components: Interpreter 
[3.555s] -- Override CMake install command with custom implementation using symlinks instead of copying resources
[3.589s] -- Found rclcpp: 16.0.12 (/opt/ros/humble/share/rclcpp/cmake)
[3.855s] -- Found rosidl_generator_c: 3.1.6 (/opt/ros/humble/share/rosidl_generator_c/cmake)
[3.861s] -- Found rosidl_adapter: 3.1.6 (/opt/ros/humble/share/rosidl_adapter/cmake)
[3.869s] -- Found rosidl_generator_cpp: 3.1.6 (/opt/ros/humble/share/rosidl_generator_cpp/cmake)
[3.884s] -- Using all available rosidl_typesupport_c: rosidl_typesupport_fastrtps_c;rosidl_typesupport_introspection_c
[3.900s] -- Using all available rosidl_typesupport_cpp: rosidl_typesupport_fastrtps_cpp;rosidl_typesupport_introspection_cpp
[3.960s] -- Found rmw_implementation_cmake: 6.1.2 (/opt/ros/humble/share/rmw_implementation_cmake/cmake)
[3.963s] -- Found rmw_fastrtps_cpp: 6.2.7 (/opt/ros/humble/share/rmw_fastrtps_cpp/cmake)
[7.069s] -- Found OpenSSL: /usr/lib/x86_64-linux-gnu/libcrypto.so (found version "3.0.2")  
[11.123s] -- Found FastRTPS: /opt/ros/humble/include  
[16.816s] -- Using RMW implementation 'rmw_fastrtps_cpp' as default
[16.830s] -- Looking for pthread.h
[17.098s] -- Looking for pthread.h - found
[17.098s] -- Performing Test CMAKE_HAVE_LIBC_PTHREAD
[17.315s] -- Performing Test CMAKE_HAVE_LIBC_PTHREAD - Success
[17.316s] -- Found Threads: TRUE  
[17.405s] -- Found rclpy: 3.3.16 (/opt/ros/humble/share/rclpy/cmake)
[17.408s] -- Found ament_lint_auto: 0.12.12 (/opt/ros/humble/share/ament_lint_auto/cmake)
[17.528s] -- Found rosidl_default_generators: 1.2.0 (/opt/ros/humble/share/rosidl_default_generators/cmake)
[17.893s] -- Found ament_cmake_ros: 0.10.0 (/opt/ros/humble/share/ament_cmake_ros/cmake)
[18.356s] -- Using all available rosidl_typesupport_c: rosidl_typesupport_fastrtps_c;rosidl_typesupport_introspection_c
[18.526s] -- Using all available rosidl_typesupport_cpp: rosidl_typesupport_fastrtps_cpp;rosidl_typesupport_introspection_cpp
[18.757s] -- Found PythonInterp: /usr/bin/python3 (found suitable version "3.10.12", minimum required is "3.6") 
[18.760s] -- Found python_cmake_module: 0.10.0 (/opt/ros/humble/share/python_cmake_module/cmake)
[19.577s] -- Found PythonLibs: /usr/lib/x86_64-linux-gnu/libpython3.10.so (found suitable version "3.10.12", minimum required is "3.5") 
[19.577s] -- Using PYTHON_EXECUTABLE: /usr/bin/python3
[19.578s] -- Using PYTHON_INCLUDE_DIRS: /usr/include/python3.10
[19.578s] -- Using PYTHON_LIBRARIES: /usr/lib/x86_64-linux-gnu/libpython3.10.so
[19.603s] -- Found PythonExtra: .so  
[19.738s] -- Added test 'flake8' to check Python code syntax and style conventions
[19.740s] -- Added test 'lint_cmake' to check CMake code style
[19.741s] -- Added test 'pep257' to check Python code against some of the docstring style conventions in PEP 257
[19.744s] -- Added test 'xmllint' to check XML markup files
[19.758s] -- Configuring done
[19.827s] -- Generating done
[19.846s] -- Build files have been written to: /home/tanmmay/clean_induction/induction-tanmmay/build/coordinate_follower
[19.863s] Invoked command in '/home/tanmmay/clean_induction/induction-tanmmay/build/coordinate_follower' returned '0': CMAKE_PREFIX_PATH=${CMAKE_PREFIX_PATH}:/opt/ros/humble /usr/bin/cmake /home/tanmmay/clean_induction/induction-tanmmay/src/coordinate_follower -DAMENT_CMAKE_SYMLINK_INSTALL=1 -DCMAKE_INSTALL_PREFIX=/home/tanmmay/clean_induction/induction-tanmmay/install/coordinate_follower
[19.869s] Invoking command in '/home/tanmmay/clean_induction/induction-tanmmay/build/coordinate_follower': CMAKE_PREFIX_PATH=${CMAKE_PREFIX_PATH}:/opt/ros/humble /usr/bin/cmake --build /home/tanmmay/clean_induction/induction-tanmmay/build/coordinate_follower -- -j8 -l8
[19.925s] [  3%] [34m[1mGenerating C code for ROS interfaces[0m
[19.948s] [  6%] [34m[1mGenerating C++ code for ROS interfaces[0m
[19.954s] [  6%] Built target ament_cmake_python_symlink_coordinate_follower
[20.291s] running egg_info
[20.292s] creating coordinate_follower.egg-info
[20.293s] writing coordinate_follower.egg-info/PKG-INFO
[20.294s] writing dependency_links to coordinate_follower.egg-info/dependency_links.txt
[20.294s] writing top-level names to coordinate_follower.egg-info/top_level.txt
[20.294s] writing manifest file 'coordinate_follower.egg-info/SOURCES.txt'
[20.299s] reading manifest file 'coordinate_follower.egg-info/SOURCES.txt'
[20.300s] writing manifest file 'coordinate_follower.egg-info/SOURCES.txt'
[20.331s] [  6%] Built target ament_cmake_python_build_coordinate_follower_egg
[20.547s] [  9%] [32mBuilding C object CMakeFiles/coordinate_follower__rosidl_generator_c.dir/rosidl_generator_c/coordinate_follower/action/detail/follow_target__functions.c.o[0m
[20.554s] [  9%] Built target coordinate_follower__cpp
[20.570s] [ 16%] [34m[1mGenerating C++ introspection for ROS interfaces[0m
[20.571s] [ 16%] [34m[1mGenerating C++ type support dispatch for ROS interfaces[0m
[20.571s] [ 19%] [34m[1mGenerating C++ type support for eProsima Fast-RTPS[0m
[20.813s] [ 22%] [32m[1mLinking C shared library libcoordinate_follower__rosidl_generator_c.so[0m
[21.009s] [ 22%] Built target coordinate_follower__rosidl_generator_c
[21.027s] [ 25%] [34m[1mGenerating C type support for eProsima Fast-RTPS[0m
[21.030s] [ 32%] [34m[1mGenerating C introspection for ROS interfaces[0m
[21.030s] [ 32%] [34m[1mGenerating C type support dispatch for ROS interfaces[0m
[21.155s] [ 35%] [32mBuilding CXX object CMakeFiles/coordinate_follower__rosidl_typesupport_cpp.dir/rosidl_typesupport_cpp/coordinate_follower/action/follow_target__type_support.cpp.o[0m
[21.264s] [ 38%] [32mBuilding CXX object CMakeFiles/coordinate_follower__rosidl_typesupport_introspection_cpp.dir/rosidl_typesupport_introspection_cpp/coordinate_follower/action/detail/follow_target__type_support.cpp.o[0m
[21.424s] [ 41%] [32mBuilding CXX object CMakeFiles/coordinate_follower__rosidl_typesupport_fastrtps_cpp.dir/rosidl_typesupport_fastrtps_cpp/coordinate_follower/action/detail/dds_fastrtps/follow_target__type_support.cpp.o[0m
[21.812s] [ 45%] [32mBuilding CXX object CMakeFiles/coordinate_follower__rosidl_typesupport_c.dir/rosidl_typesupport_c/coordinate_follower/action/follow_target__type_support.cpp.o[0m
[21.989s] [ 48%] [32m[1mLinking CXX shared library libcoordinate_follower__rosidl_typesupport_c.so[0m
[21.998s] [ 51%] [32mBuilding C object CMakeFiles/coordinate_follower__rosidl_typesupport_introspection_c.dir/rosidl_typesupport_introspection_c/coordinate_follower/action/detail/follow_target__type_support.c.o[0m
[22.127s] [ 54%] [32m[1mLinking C shared library libcoordinate_follower__rosidl_typesupport_introspection_c.so[0m
[22.127s] [ 58%] [32mBuilding CXX object CMakeFiles/coordinate_follower__rosidl_typesupport_fastrtps_c.dir/rosidl_typesupport_fastrtps_c/coordinate_follower/action/detail/follow_target__type_support_c.cpp.o[0m
[22.349s] [ 58%] Built target coordinate_follower__rosidl_typesupport_c
[22.429s] [ 58%] Built target coordinate_follower__rosidl_typesupport_introspection_c
[22.454s] [ 61%] [32m[1mLinking CXX shared library libcoordinate_follower__rosidl_typesupport_cpp.so[0m
[22.655s] [ 61%] Built target coordinate_follower__rosidl_typesupport_cpp
[22.718s] [ 64%] [32m[1mLinking CXX shared library libcoordinate_follower__rosidl_typesupport_introspection_cpp.so[0m
[22.744s] [ 67%] [32m[1mLinking CXX shared library libcoordinate_follower__rosidl_typesupport_fastrtps_cpp.so[0m
[22.962s] [ 70%] [32m[1mLinking CXX shared library libcoordinate_follower__rosidl_typesupport_fastrtps_c.so[0m
[22.974s] [ 70%] Built target coordinate_follower__rosidl_typesupport_introspection_cpp
[22.975s] [ 70%] Built target coordinate_follower__rosidl_typesupport_fastrtps_cpp
[23.207s] [ 70%] Built target coordinate_follower__rosidl_typesupport_fastrtps_c
[23.230s] [ 70%] Built target coordinate_follower
[23.256s] [ 74%] [34m[1mGenerating Python code for ROS interfaces[0m
[24.482s] [ 74%] Built target coordinate_follower__py
[24.509s] [ 77%] [32mBuilding C object CMakeFiles/coordinate_follower__rosidl_generator_py.dir/rosidl_generator_py/coordinate_follower/action/_follow_target_s.c.o[0m
[24.765s] [ 80%] [32m[1mLinking C shared library rosidl_generator_py/coordinate_follower/libcoordinate_follower__rosidl_generator_py.so[0m
[24.974s] [ 80%] Built target coordinate_follower__rosidl_generator_py
[24.999s] [ 83%] [32mBuilding C object CMakeFiles/coordinate_follower__rosidl_typesupport_fastrtps_c__pyext.dir/rosidl_generator_py/coordinate_follower/_coordinate_follower_s.ep.rosidl_typesupport_fastrtps_c.c.o[0m
[25.000s] [ 87%] [32mBuilding C object CMakeFiles/coordinate_follower__rosidl_typesupport_c__pyext.dir/rosidl_generator_py/coordinate_follower/_coordinate_follower_s.ep.rosidl_typesupport_c.c.o[0m
[25.001s] [ 90%] [32mBuilding C object CMakeFiles/coordinate_follower__rosidl_typesupport_introspection_c__pyext.dir/rosidl_generator_py/coordinate_follower/_coordinate_follower_s.ep.rosidl_typesupport_introspection_c.c.o[0m
[25.152s] [ 93%] [32m[1mLinking C shared library rosidl_generator_py/coordinate_follower/coordinate_follower_s__rosidl_typesupport_c.cpython-310-x86_64-linux-gnu.so[0m
[25.154s] [ 96%] [32m[1mLinking C shared library rosidl_generator_py/coordinate_follower/coordinate_follower_s__rosidl_typesupport_introspection_c.cpython-310-x86_64-linux-gnu.so[0m
[25.157s] [100%] [32m[1mLinking C shared library rosidl_generator_py/coordinate_follower/coordinate_follower_s__rosidl_typesupport_fastrtps_c.cpython-310-x86_64-linux-gnu.so[0m
[25.261s] [100%] Built target coordinate_follower__rosidl_typesupport_introspection_c__pyext
[25.262s] [100%] Built target coordinate_follower__rosidl_typesupport_c__pyext
[25.295s] [100%] Built target coordinate_follower__rosidl_typesupport_fastrtps_c__pyext
[25.307s] Invoked command in '/home/tanmmay/clean_induction/induction-tanmmay/build/coordinate_follower' returned '0': CMAKE_PREFIX_PATH=${CMAKE_PREFIX_PATH}:/opt/ros/humble /usr/bin/cmake --build /home/tanmmay/clean_induction/induction-tanmmay/build/coordinate_follower -- -j8 -l8
[25.319s] Invoking command in '/home/tanmmay/clean_induction/induction-tanmmay/build/coordinate_follower': CMAKE_PREFIX_PATH=${CMAKE_PREFIX_PATH}:/opt/ros/humble /usr/bin/cmake --install /home/tanmmay/clean_induction/induction-tanmmay/build/coordinate_follower
[25.328s] -- Install configuration: ""
[25.328s] -- Execute custom install script
[25.329s] -- Symlinking: /home/tanmmay/clean_induction/induction-tanmmay/install/coordinate_follower/share/ament_index/resource_index/rosidl_interfaces/coordinate_follower
[25.339s] -- Symlinking: /home/tanmmay/clean_induction/induction-tanmmay/install/coordinate_follower/include/coordinate_follower/coordinate_follower/action/detail/follow_target__functions.h
[25.348s] -- Symlinking: /home/tanmmay/clean_induction/induction-tanmmay/install/coordinate_follower/include/coordinate_follower/coordinate_follower/action/detail/follow_target__struct.h
[25.358s] -- Symlinking: /home/tanmmay/clean_induction/induction-tanmmay/install/coordinate_follower/include/coordinate_follower/coordinate_follower/action/detail/follow_target__type_support.h
[25.370s] -- Symlinking: /home/tanmmay/clean_induction/induction-tanmmay/install/coordinate_follower/include/coordinate_follower/coordinate_follower/action/follow_target.h
[25.384s] -- Symlinking: /home/tanmmay/clean_induction/induction-tanmmay/install/coordinate_follower/include/coordinate_follower/coordinate_follower/msg/rosidl_generator_c__visibility_control.h
[25.396s] -- Symlinking: /home/tanmmay/clean_induction/induction-tanmmay/install/coordinate_follower/share/coordinate_follower/environment/library_path.sh
[25.408s] -- Symlinking: /home/tanmmay/clean_induction/induction-tanmmay/install/coordinate_follower/share/coordinate_follower/environment/library_path.dsv
[25.421s] -- Symlinking: /home/tanmmay/clean_induction/induction-tanmmay/install/coordinate_follower/include/coordinate_follower/coordinate_follower/action/detail/follow_target__rosidl_typesupport_fastrtps_c.h
[25.429s] -- Symlinking: /home/tanmmay/clean_induction/induction-tanmmay/install/coordinate_follower/include/coordinate_follower/coordinate_follower/msg/rosidl_typesupport_fastrtps_c__visibility_control.h
[25.438s] -- Symlinking: /home/tanmmay/clean_induction/induction-tanmmay/install/coordinate_follower/include/coordinate_follower/coordinate_follower/action/detail/follow_target__builder.hpp
[25.449s] -- Symlinking: /home/tanmmay/clean_induction/induction-tanmmay/install/coordinate_follower/include/coordinate_follower/coordinate_follower/action/detail/follow_target__struct.hpp
[25.459s] -- Symlinking: /home/tanmmay/clean_induction/induction-tanmmay/install/coordinate_follower/include/coordinate_follower/coordinate_follower/action/detail/follow_target__traits.hpp
[25.467s] -- Symlinking: /home/tanmmay/clean_induction/induction-tanmmay/install/coordinate_follower/include/coordinate_follower/coordinate_follower/action/detail/follow_target__type_support.hpp
[25.475s] -- Symlinking: /home/tanmmay/clean_induction/induction-tanmmay/install/coordinate_follower/include/coordinate_follower/coordinate_follower/action/follow_target.hpp
[25.484s] -- Symlinking: /home/tanmmay/clean_induction/induction-tanmmay/install/coordinate_follower/include/coordinate_follower/coordinate_follower/msg/rosidl_generator_cpp__visibility_control.hpp
[25.494s] -- Symlinking: /home/tanmmay/clean_induction/induction-tanmmay/install/coordinate_follower/include/coordinate_follower/coordinate_follower/action/detail/follow_target__rosidl_typesupport_fastrtps_cpp.hpp
[25.503s] -- Symlinking: /home/tanmmay/clean_induction/induction-tanmmay/install/coordinate_follower/include/coordinate_follower/coordinate_follower/msg/rosidl_typesupport_fastrtps_cpp__visibility_control.h
[25.512s] -- Symlinking: /home/tanmmay/clean_induction/induction-tanmmay/install/coordinate_follower/include/coordinate_follower/coordinate_follower/action/detail/follow_target__rosidl_typesupport_introspection_c.h
[25.522s] -- Symlinking: /home/tanmmay/clean_induction/induction-tanmmay/install/coordinate_follower/include/coordinate_follower/coordinate_follower/msg/rosidl_typesupport_introspection_c__visibility_control.h
[25.533s] -- Symlinking: /home/tanmmay/clean_induction/induction-tanmmay/install/coordinate_follower/include/coordinate_follower/coordinate_follower/action/detail/follow_target__rosidl_typesupport_introspection_cpp.hpp
[25.543s] -- Symlinking: /home/tanmmay/clean_induction/induction-tanmmay/install/coordinate_follower/share/coordinate_follower/environment/pythonpath.sh
[25.554s] -- Symlinking: /home/tanmmay/clean_induction/induction-tanmmay/install/coordinate_follower/share/coordinate_follower/environment/pythonpath.dsv
[25.568s] -- Symlinking: /home/tanmmay/clean_induction/induction-tanmmay/install/coordinate_follower/local/lib/python3.10/dist-packages/coordinate_follower-0.0.0-py3.10.egg-info/PKG-INFO
[25.580s] -- Symlinking: /home/tanmmay/clean_induction/induction-tanmmay/install/coordinate_follower/local/lib/python3.10/dist-packages/coordinate_follower-0.0.0-py3.10.egg-info/SOURCES.txt
[25.591s] -- Symlinking: /home/tanmmay/clean_induction/induction-tanmmay/install/coordinate_follower/local/lib/python3.10/dist-packages/coordinate_follower-0.0.0-py3.10.egg-info/dependency_links.txt
[25.599s] -- Symlinking: /home/tanmmay/clean_induction/induction-tanmmay/install/coordinate_follower/local/lib/python3.10/dist-packages/coordinate_follower-0.0.0-py3.10.egg-info/top_level.txt
[25.614s] -- Symlinking: /home/tanmmay/clean_induction/induction-tanmmay/install/coordinate_follower/local/lib/python3.10/dist-packages/coordinate_follower/__init__.py
[25.627s] -- Symlinking: /home/tanmmay/clean_induction/induction-tanmmay/install/coordinate_follower/local/lib/python3.10/dist-packages/coordinate_follower/_coordinate_follower_s.ep.rosidl_typesupport_c.c
[25.637s] -- Symlinking: /home/tanmmay/clean_induction/induction-tanmmay/install/coordinate_follower/local/lib/python3.10/dist-packages/coordinate_follower/_coordinate_follower_s.ep.rosidl_typesupport_fastrtps_c.c
[25.649s] -- Symlinking: /home/tanmmay/clean_induction/induction-tanmmay/install/coordinate_follower/local/lib/python3.10/dist-packages/coordinate_follower/_coordinate_follower_s.ep.rosidl_typesupport_introspection_c.c
[25.660s] -- Symlinking: /home/tanmmay/clean_induction/induction-tanmmay/install/coordinate_follower/local/lib/python3.10/dist-packages/coordinate_follower/action/__init__.py
[25.669s] -- Symlinking: /home/tanmmay/clean_induction/induction-tanmmay/install/coordinate_follower/local/lib/python3.10/dist-packages/coordinate_follower/action/_follow_target.py
[25.679s] -- Symlinking: /home/tanmmay/clean_induction/induction-tanmmay/install/coordinate_follower/local/lib/python3.10/dist-packages/coordinate_follower/action/_follow_target_s.c
[25.687s] -- Symlinking: /home/tanmmay/clean_induction/induction-tanmmay/install/coordinate_follower/local/lib/python3.10/dist-packages/coordinate_follower/coordinate_follower_s__rosidl_typesupport_c.cpython-310-x86_64-linux-gnu.so
[25.696s] -- Symlinking: /home/tanmmay/clean_induction/induction-tanmmay/install/coordinate_follower/local/lib/python3.10/dist-packages/coordinate_follower/coordinate_follower_s__rosidl_typesupport_fastrtps_c.cpython-310-x86_64-linux-gnu.so
[25.704s] -- Symlinking: /home/tanmmay/clean_induction/induction-tanmmay/install/coordinate_follower/local/lib/python3.10/dist-packages/coordinate_follower/coordinate_follower_s__rosidl_typesupport_introspection_c.cpython-310-x86_64-linux-gnu.so
[25.712s] -- Symlinking: /home/tanmmay/clean_induction/induction-tanmmay/install/coordinate_follower/local/lib/python3.10/dist-packages/coordinate_follower/libcoordinate_follower__rosidl_generator_py.so
[25.723s] -- Up-to-date symlink: /home/tanmmay/clean_induction/induction-tanmmay/install/coordinate_follower/local/lib/python3.10/dist-packages/coordinate_follower/coordinate_follower_s__rosidl_typesupport_fastrtps_c.cpython-310-x86_64-linux-gnu.so
[25.723s] -- Up-to-date symlink: /home/tanmmay/clean_induction/induction-tanmmay/install/coordinate_follower/local/lib/python3.10/dist-packages/coordinate_follower/coordinate_follower_s__rosidl_typesupport_introspection_c.cpython-310-x86_64-linux-gnu.so
[25.723s] -- Up-to-date symlink: /home/tanmmay/clean_induction/induction-tanmmay/install/coordinate_follower/local/lib/python3.10/dist-packages/coordinate_follower/coordinate_follower_s__rosidl_typesupport_c.cpython-310-x86_64-linux-gnu.so
[25.724s] -- Symlinking: /home/tanmmay/clean_induction/induction-tanmmay/install/coordinate_follower/share/coordinate_follower/action/FollowTarget.idl
[25.737s] -- Symlinking: /home/tanmmay/clean_induction/induction-tanmmay/install/coordinate_follower/share/coordinate_follower/action/FollowTarget.action
[25.750s] -- Symlinking: /home/tanmmay/clean_induction/induction-tanmmay/install/coordinate_follower/share/ament_index/resource_index/package_run_dependencies/coordinate_follower
[25.764s] -- Symlinking: /home/tanmmay/clean_induction/induction-tanmmay/install/coordinate_follower/share/ament_index/resource_index/parent_prefix_path/coordinate_follower
[25.774s] -- Symlinking: /home/tanmmay/clean_induction/induction-tanmmay/install/coordinate_follower/share/coordinate_follower/environment/ament_prefix_path.sh
[25.783s] -- Symlinking: /home/tanmmay/clean_induction/induction-tanmmay/install/coordinate_follower/share/coordinate_follower/environment/ament_prefix_path.dsv
[25.792s] -- Symlinking: /home/tanmmay/clean_induction/induction-tanmmay/install/coordinate_follower/share/coordinate_follower/environment/path.sh
[25.801s] -- Symlinking: /home/tanmmay/clean_induction/induction-tanmmay/install/coordinate_follower/share/coordinate_follower/environment/path.dsv
[25.809s] -- Symlinking: /home/tanmmay/clean_induction/induction-tanmmay/install/coordinate_follower/share/coordinate_follower/local_setup.bash
[25.820s] -- Symlinking: /home/tanmmay/clean_induction/induction-tanmmay/install/coordinate_follower/share/coordinate_follower/local_setup.sh
[25.832s] -- Symlinking: /home/tanmmay/clean_induction/induction-tanmmay/install/coordinate_follower/share/coordinate_follower/local_setup.zsh
[25.841s] -- Symlinking: /home/tanmmay/clean_induction/induction-tanmmay/install/coordinate_follower/share/coordinate_follower/local_setup.dsv
[25.849s] -- Symlinking: /home/tanmmay/clean_induction/induction-tanmmay/install/coordinate_follower/share/coordinate_follower/package.dsv
[25.859s] -- Symlinking: /home/tanmmay/clean_induction/induction-tanmmay/install/coordinate_follower/share/ament_index/resource_index/packages/coordinate_follower
[25.869s] -- Symlinking: /home/tanmmay/clean_induction/induction-tanmmay/install/coordinate_follower/share/coordinate_follower/cmake/rosidl_cmake-extras.cmake
[25.878s] -- Symlinking: /home/tanmmay/clean_induction/induction-tanmmay/install/coordinate_follower/share/coordinate_follower/cmake/ament_cmake_export_dependencies-extras.cmake
[25.889s] -- Symlinking: /home/tanmmay/clean_induction/induction-tanmmay/install/coordinate_follower/share/coordinate_follower/cmake/ament_cmake_export_include_directories-extras.cmake
[25.897s] -- Symlinking: /home/tanmmay/clean_induction/induction-tanmmay/install/coordinate_follower/share/coordinate_follower/cmake/ament_cmake_export_libraries-extras.cmake
[25.905s] -- Symlinking: /home/tanmmay/clean_induction/induction-tanmmay/install/coordinate_follower/share/coordinate_follower/cmake/ament_cmake_export_targets-extras.cmake
[25.917s] -- Symlinking: /home/tanmmay/clean_induction/induction-tanmmay/install/coordinate_follower/share/coordinate_follower/cmake/rosidl_cmake_export_typesupport_targets-extras.cmake
[25.925s] -- Symlinking: /home/tanmmay/clean_induction/induction-tanmmay/install/coordinate_follower/share/coordinate_follower/cmake/rosidl_cmake_export_typesupport_libraries-extras.cmake
[25.934s] -- Symlinking: /home/tanmmay/clean_induction/induction-tanmmay/install/coordinate_follower/share/coordinate_follower/cmake/coordinate_followerConfig.cmake
[25.942s] -- Symlinking: /home/tanmmay/clean_induction/induction-tanmmay/install/coordinate_follower/share/coordinate_follower/cmake/coordinate_followerConfig-version.cmake
[25.952s] -- Symlinking: /home/tanmmay/clean_induction/induction-tanmmay/install/coordinate_follower/share/coordinate_follower/package.xml
[25.962s] -- Symlinking: /home/tanmmay/clean_induction/induction-tanmmay/install/coordinate_follower/lib/coordinate_follower/follower_server.py
[25.974s] -- Symlinking: /home/tanmmay/clean_induction/induction-tanmmay/install/coordinate_follower/lib/coordinate_follower/follower_client.py
[25.985s] -- Installing: /home/tanmmay/clean_induction/induction-tanmmay/install/coordinate_follower/lib/libcoordinate_follower__rosidl_generator_c.so
[25.985s] -- Set runtime path of "/home/tanmmay/clean_induction/induction-tanmmay/install/coordinate_follower/lib/libcoordinate_follower__rosidl_generator_c.so" to ""
[25.985s] -- Installing: /home/tanmmay/clean_induction/induction-tanmmay/install/coordinate_follower/lib/libcoordinate_follower__rosidl_typesupport_fastrtps_c.so
[25.986s] -- Set runtime path of "/home/tanmmay/clean_induction/induction-tanmmay/install/coordinate_follower/lib/libcoordinate_follower__rosidl_typesupport_fastrtps_c.so" to ""
[25.986s] -- Installing: /home/tanmmay/clean_induction/induction-tanmmay/install/coordinate_follower/lib/libcoordinate_follower__rosidl_typesupport_fastrtps_cpp.so
[25.986s] -- Set runtime path of "/home/tanmmay/clean_induction/induction-tanmmay/install/coordinate_follower/lib/libcoordinate_follower__rosidl_typesupport_fastrtps_cpp.so" to ""
[25.986s] -- Installing: /home/tanmmay/clean_induction/induction-tanmmay/install/coordinate_follower/lib/libcoordinate_follower__rosidl_typesupport_introspection_c.so
[25.986s] -- Set runtime path of "/home/tanmmay/clean_induction/induction-tanmmay/install/coordinate_follower/lib/libcoordinate_follower__rosidl_typesupport_introspection_c.so" to ""
[25.986s] -- Installing: /home/tanmmay/clean_induction/induction-tanmmay/install/coordinate_follower/lib/libcoordinate_follower__rosidl_typesupport_c.so
[25.987s] -- Set runtime path of "/home/tanmmay/clean_induction/induction-tanmmay/install/coordinate_follower/lib/libcoordinate_follower__rosidl_typesupport_c.so" to ""
[25.987s] -- Installing: /home/tanmmay/clean_induction/induction-tanmmay/install/coordinate_follower/lib/libcoordinate_follower__rosidl_typesupport_introspection_cpp.so
[25.987s] -- Set runtime path of "/home/tanmmay/clean_induction/induction-tanmmay/install/coordinate_follower/lib/libcoordinate_follower__rosidl_typesupport_introspection_cpp.so" to ""
[25.987s] -- Installing: /home/tanmmay/clean_induction/induction-tanmmay/install/coordinate_follower/lib/libcoordinate_follower__rosidl_typesupport_cpp.so
[25.988s] -- Set runtime path of "/home/tanmmay/clean_induction/induction-tanmmay/install/coordinate_follower/lib/libcoordinate_follower__rosidl_typesupport_cpp.so" to ""
[26.029s] Listing '/home/tanmmay/clean_induction/induction-tanmmay/install/coordinate_follower/local/lib/python3.10/dist-packages/coordinate_follower'...
[26.029s] Compiling '/home/tanmmay/clean_induction/induction-tanmmay/install/coordinate_follower/local/lib/python3.10/dist-packages/coordinate_follower/__init__.py'...
[26.029s] Listing '/home/tanmmay/clean_induction/induction-tanmmay/install/coordinate_follower/local/lib/python3.10/dist-packages/coordinate_follower/action'...
[26.029s] Compiling '/home/tanmmay/clean_induction/induction-tanmmay/install/coordinate_follower/local/lib/python3.10/dist-packages/coordinate_follower/action/__init__.py'...
[26.029s] Compiling '/home/tanmmay/clean_induction/induction-tanmmay/install/coordinate_follower/local/lib/python3.10/dist-packages/coordinate_follower/action/_follow_target.py'...
[26.036s] -- Installing: /home/tanmmay/clean_induction/induction-tanmmay/install/coordinate_follower/lib/libcoordinate_follower__rosidl_generator_py.so
[26.036s] -- Set runtime path of "/home/tanmmay/clean_induction/induction-tanmmay/install/coordinate_follower/lib/libcoordinate_follower__rosidl_generator_py.so" to ""
[26.037s] -- Installing: /home/tanmmay/clean_induction/induction-tanmmay/install/coordinate_follower/share/coordinate_follower/cmake/export_coordinate_follower__rosidl_generator_cExport.cmake
[26.037s] -- Installing: /home/tanmmay/clean_induction/induction-tanmmay/install/coordinate_follower/share/coordinate_follower/cmake/export_coordinate_follower__rosidl_generator_cExport-noconfig.cmake
[26.037s] -- Installing: /home/tanmmay/clean_induction/induction-tanmmay/install/coordinate_follower/share/coordinate_follower/cmake/export_coordinate_follower__rosidl_typesupport_fastrtps_cExport.cmake
[26.037s] -- Installing: /home/tanmmay/clean_induction/induction-tanmmay/install/coordinate_follower/share/coordinate_follower/cmake/export_coordinate_follower__rosidl_typesupport_fastrtps_cExport-noconfig.cmake
[26.038s] -- Installing: /home/tanmmay/clean_induction/induction-tanmmay/install/coordinate_follower/share/coordinate_follower/cmake/export_coordinate_follower__rosidl_generator_cppExport.cmake
[26.038s] -- Installing: /home/tanmmay/clean_induction/induction-tanmmay/install/coordinate_follower/share/coordinate_follower/cmake/export_coordinate_follower__rosidl_typesupport_fastrtps_cppExport.cmake
[26.038s] -- Installing: /home/tanmmay/clean_induction/induction-tanmmay/install/coordinate_follower/share/coordinate_follower/cmake/export_coordinate_follower__rosidl_typesupport_fastrtps_cppExport-noconfig.cmake
[26.038s] -- Installing: /home/tanmmay/clean_induction/induction-tanmmay/install/coordinate_follower/share/coordinate_follower/cmake/coordinate_follower__rosidl_typesupport_introspection_cExport.cmake
[26.039s] -- Installing: /home/tanmmay/clean_induction/induction-tanmmay/install/coordinate_follower/share/coordinate_follower/cmake/coordinate_follower__rosidl_typesupport_introspection_cExport-noconfig.cmake
[26.039s] -- Installing: /home/tanmmay/clean_induction/induction-tanmmay/install/coordinate_follower/share/coordinate_follower/cmake/coordinate_follower__rosidl_typesupport_cExport.cmake
[26.040s] -- Installing: /home/tanmmay/clean_induction/induction-tanmmay/install/coordinate_follower/share/coordinate_follower/cmake/coordinate_follower__rosidl_typesupport_cExport-noconfig.cmake
[26.040s] -- Installing: /home/tanmmay/clean_induction/induction-tanmmay/install/coordinate_follower/share/coordinate_follower/cmake/coordinate_follower__rosidl_typesupport_introspection_cppExport.cmake
[26.040s] -- Installing: /home/tanmmay/clean_induction/induction-tanmmay/install/coordinate_follower/share/coordinate_follower/cmake/coordinate_follower__rosidl_typesupport_introspection_cppExport-noconfig.cmake
[26.040s] -- Installing: /home/tanmmay/clean_induction/induction-tanmmay/install/coordinate_follower/share/coordinate_follower/cmake/coordinate_follower__rosidl_typesupport_cppExport.cmake
[26.040s] -- Installing: /home/tanmmay/clean_induction/induction-tanmmay/install/coordinate_follower/share/coordinate_follower/cmake/coordinate_follower__rosidl_typesupport_cppExport-noconfig.cmake
[26.041s] -- Installing: /home/tanmmay/clean_induction/induction-tanmmay/install/coordinate_follower/share/coordinate_follower/cmake/export_coordinate_follower__rosidl_generator_pyExport.cmake
[26.041s] -- Installing: /home/tanmmay/clean_induction/induction-tanmmay/install/coordinate_follower/share/coordinate_follower/cmake/export_coordinate_follower__rosidl_generator_pyExport-noconfig.cmake
[26.045s] Invoked command in '/home/tanmmay/clean_induction/induction-tanmmay/build/coordinate_follower' returned '0': CMAKE_PREFIX_PATH=${CMAKE_PREFIX_PATH}:/opt/ros/humble /usr/bin/cmake --install /home/tanmmay/clean_induction/induction-tanmmay/build/coordinate_follower
