[0.799s] DEBUG:colcon:Command line arguments: ['/usr/bin/colcon', 'build', '--symlink-install']
[0.799s] DEBUG:colcon:Parsed command line arguments: Namespace(log_base=None, log_level=None, verb_name='build', build_base='build', install_base='install', merge_install=False, symlink_install=True, test_result_base=None, continue_on_error=False, executor='parallel', parallel_workers=8, event_handlers=None, ignore_user_meta=False, metas=['./colcon.meta'], base_paths=['.'], packages_ignore=None, packages_ignore_regex=None, paths=None, packages_up_to=None, packages_up_to_regex=None, packages_above=None, packages_above_and_dependencies=None, packages_above_depth=None, packages_select_by_dep=None, packages_skip_by_dep=None, packages_skip_up_to=None, packages_select_build_failed=False, packages_skip_build_finished=False, packages_select_test_failures=False, packages_skip_test_passed=False, packages_select=None, packages_skip=None, packages_select_regex=None, packages_skip_regex=None, packages_start=None, packages_end=None, allow_overriding=[], cmake_args=None, cmake_target=None, cmake_target_skip_unavailable=False, cmake_clean_cache=False, cmake_clean_first=False, cmake_force_configure=False, ament_cmake_args=None, catkin_cmake_args=None, catkin_skip_building_tests=False, verb_parser=<colcon_defaults.argument_parser.defaults.DefaultArgumentsDecorator object at 0x74cab5064640>, verb_extension=<colcon_core.verb.build.BuildVerb object at 0x74cab51d9f30>, main=<bound method BuildVerb.main of <colcon_core.verb.build.BuildVerb object at 0x74cab51d9f30>>)
[1.410s] Level 1:colcon.colcon_core.package_discovery:discover_packages(colcon_meta) check parameters
[1.411s] Level 1:colcon.colcon_core.package_discovery:discover_packages(recursive) check parameters
[1.411s] Level 1:colcon.colcon_core.package_discovery:discover_packages(ignore) check parameters
[1.411s] Level 1:colcon.colcon_core.package_discovery:discover_packages(path) check parameters
[1.411s] Level 1:colcon.colcon_core.package_discovery:discover_packages(colcon_meta) discover
[1.411s] Level 1:colcon.colcon_core.package_discovery:discover_packages(recursive) discover
[1.411s] INFO:colcon.colcon_core.package_discovery:Crawling recursively for packages in '/home/tanmmay/ros2_ws'
[1.411s] Level 1:colcon.colcon_core.package_identification:_identify(.) by extensions ['ignore', 'ignore_ament_install']
[1.411s] Level 1:colcon.colcon_core.package_identification:_identify(.) by extension 'ignore'
[1.411s] Level 1:colcon.colcon_core.package_identification:_identify(.) by extension 'ignore_ament_install'
[1.411s] Level 1:colcon.colcon_core.package_identification:_identify(.) by extensions ['colcon_pkg']
[1.411s] Level 1:colcon.colcon_core.package_identification:_identify(.) by extension 'colcon_pkg'
[1.411s] Level 1:colcon.colcon_core.package_identification:_identify(.) by extensions ['colcon_meta']
[1.411s] Level 1:colcon.colcon_core.package_identification:_identify(.) by extension 'colcon_meta'
[1.411s] Level 1:colcon.colcon_core.package_identification:_identify(.) by extensions ['ros']
[1.411s] Level 1:colcon.colcon_core.package_identification:_identify(.) by extension 'ros'
[1.429s] Level 1:colcon.colcon_core.package_identification:_identify(.) by extensions ['cmake', 'python']
[1.429s] Level 1:colcon.colcon_core.package_identification:_identify(.) by extension 'cmake'
[1.429s] Level 1:colcon.colcon_core.package_identification:_identify(.) by extension 'python'
[1.429s] Level 1:colcon.colcon_core.package_identification:_identify(.) by extensions ['python_setup_py']
[1.429s] Level 1:colcon.colcon_core.package_identification:_identify(.) by extension 'python_setup_py'
[1.429s] Level 1:colcon.colcon_core.package_identification:_identify(build) by extensions ['ignore', 'ignore_ament_install']
[1.429s] Level 1:colcon.colcon_core.package_identification:_identify(build) by extension 'ignore'
[1.429s] Level 1:colcon.colcon_core.package_identification:_identify(build) ignored
[1.429s] Level 1:colcon.colcon_core.package_identification:_identify(install) by extensions ['ignore', 'ignore_ament_install']
[1.429s] Level 1:colcon.colcon_core.package_identification:_identify(install) by extension 'ignore'
[1.429s] Level 1:colcon.colcon_core.package_identification:_identify(install) ignored
[1.429s] Level 1:colcon.colcon_core.package_identification:_identify(log) by extensions ['ignore', 'ignore_ament_install']
[1.429s] Level 1:colcon.colcon_core.package_identification:_identify(log) by extension 'ignore'
[1.429s] Level 1:colcon.colcon_core.package_identification:_identify(log) ignored
[1.430s] Level 1:colcon.colcon_core.package_identification:_identify(src) by extensions ['ignore', 'ignore_ament_install']
[1.430s] Level 1:colcon.colcon_core.package_identification:_identify(src) by extension 'ignore'
[1.430s] Level 1:colcon.colcon_core.package_identification:_identify(src) by extension 'ignore_ament_install'
[1.430s] Level 1:colcon.colcon_core.package_identification:_identify(src) by extensions ['colcon_pkg']
[1.430s] Level 1:colcon.colcon_core.package_identification:_identify(src) by extension 'colcon_pkg'
[1.430s] Level 1:colcon.colcon_core.package_identification:_identify(src) by extensions ['colcon_meta']
[1.430s] Level 1:colcon.colcon_core.package_identification:_identify(src) by extension 'colcon_meta'
[1.430s] Level 1:colcon.colcon_core.package_identification:_identify(src) by extensions ['ros']
[1.430s] Level 1:colcon.colcon_core.package_identification:_identify(src) by extension 'ros'
[1.431s] Level 1:colcon.colcon_core.package_identification:_identify(src) by extensions ['cmake', 'python']
[1.431s] Level 1:colcon.colcon_core.package_identification:_identify(src) by extension 'cmake'
[1.431s] Level 1:colcon.colcon_core.package_identification:_identify(src) by extension 'python'
[1.431s] Level 1:colcon.colcon_core.package_identification:_identify(src) by extensions ['python_setup_py']
[1.431s] Level 1:colcon.colcon_core.package_identification:_identify(src) by extension 'python_setup_py'
[1.431s] Level 1:colcon.colcon_core.package_identification:_identify(src/turtle_controller) by extensions ['ignore', 'ignore_ament_install']
[1.431s] Level 1:colcon.colcon_core.package_identification:_identify(src/turtle_controller) by extension 'ignore'
[1.431s] Level 1:colcon.colcon_core.package_identification:_identify(src/turtle_controller) by extension 'ignore_ament_install'
[1.431s] Level 1:colcon.colcon_core.package_identification:_identify(src/turtle_controller) by extensions ['colcon_pkg']
[1.431s] Level 1:colcon.colcon_core.package_identification:_identify(src/turtle_controller) by extension 'colcon_pkg'
[1.431s] Level 1:colcon.colcon_core.package_identification:_identify(src/turtle_controller) by extensions ['colcon_meta']
[1.431s] Level 1:colcon.colcon_core.package_identification:_identify(src/turtle_controller) by extension 'colcon_meta'
[1.431s] Level 1:colcon.colcon_core.package_identification:_identify(src/turtle_controller) by extensions ['ros']
[1.431s] Level 1:colcon.colcon_core.package_identification:_identify(src/turtle_controller) by extension 'ros'
[1.439s] DEBUG:colcon.colcon_core.package_identification:Package 'src/turtle_controller' with type 'ros.ament_python' and name 'turtle_controller'
[1.439s] Level 1:colcon.colcon_core.package_discovery:discover_packages(recursive) using defaults
[1.439s] Level 1:colcon.colcon_core.package_discovery:discover_packages(ignore) discover
[1.439s] Level 1:colcon.colcon_core.package_discovery:discover_packages(ignore) using defaults
[1.439s] Level 1:colcon.colcon_core.package_discovery:discover_packages(path) discover
[1.439s] Level 1:colcon.colcon_core.package_discovery:discover_packages(path) using defaults
[1.488s] Level 1:colcon.colcon_core.package_discovery:discover_packages(prefix_path) check parameters
[1.488s] Level 1:colcon.colcon_core.package_discovery:discover_packages(prefix_path) discover
[1.491s] WARNING:colcon.colcon_ros.prefix_path.ament:The path '/home/tanmmay/ros2_ws/install/turtle_circle' in the environment variable AMENT_PREFIX_PATH doesn't exist
[1.491s] WARNING:colcon.colcon_ros.prefix_path.ament:The path '/home/tanmmay/ros2_ws/install/turtle_controller' in the environment variable AMENT_PREFIX_PATH doesn't exist
[1.494s] DEBUG:colcon.colcon_installed_package_information.package_discovery:Found 0 installed packages in /home/tanmmay/ros2_ws/install
[1.497s] DEBUG:colcon.colcon_installed_package_information.package_discovery:Found 424 installed packages in /opt/ros/humble
[1.513s] Level 1:colcon.colcon_core.package_discovery:discover_packages(prefix_path) using defaults
[1.688s] Level 5:colcon.colcon_core.verb:set package 'turtle_controller' build argument 'cmake_args' from command line to 'None'
[1.688s] Level 5:colcon.colcon_core.verb:set package 'turtle_controller' build argument 'cmake_target' from command line to 'None'
[1.688s] Level 5:colcon.colcon_core.verb:set package 'turtle_controller' build argument 'cmake_target_skip_unavailable' from command line to 'False'
[1.688s] Level 5:colcon.colcon_core.verb:set package 'turtle_controller' build argument 'cmake_clean_cache' from command line to 'False'
[1.688s] Level 5:colcon.colcon_core.verb:set package 'turtle_controller' build argument 'cmake_clean_first' from command line to 'False'
[1.688s] Level 5:colcon.colcon_core.verb:set package 'turtle_controller' build argument 'cmake_force_configure' from command line to 'False'
[1.688s] Level 5:colcon.colcon_core.verb:set package 'turtle_controller' build argument 'ament_cmake_args' from command line to 'None'
[1.688s] Level 5:colcon.colcon_core.verb:set package 'turtle_controller' build argument 'catkin_cmake_args' from command line to 'None'
[1.689s] Level 5:colcon.colcon_core.verb:set package 'turtle_controller' build argument 'catkin_skip_building_tests' from command line to 'False'
[1.689s] DEBUG:colcon.colcon_core.verb:Building package 'turtle_controller' with the following arguments: {'ament_cmake_args': None, 'build_base': '/home/tanmmay/ros2_ws/build/turtle_controller', 'catkin_cmake_args': None, 'catkin_skip_building_tests': False, 'cmake_args': None, 'cmake_clean_cache': False, 'cmake_clean_first': False, 'cmake_force_configure': False, 'cmake_target': None, 'cmake_target_skip_unavailable': False, 'install_base': '/home/tanmmay/ros2_ws/install/turtle_controller', 'merge_install': False, 'path': '/home/tanmmay/ros2_ws/src/turtle_controller', 'symlink_install': True, 'test_result_base': None}
[1.689s] INFO:colcon.colcon_core.executor:Executing jobs using 'parallel' executor
[1.690s] DEBUG:colcon.colcon_parallel_executor.executor.parallel:run_until_complete
[1.691s] INFO:colcon.colcon_ros.task.ament_python.build:Building ROS package in '/home/tanmmay/ros2_ws/src/turtle_controller' with build type 'ament_python'
[1.691s] Level 1:colcon.colcon_core.shell:create_environment_hook('turtle_controller', 'ament_prefix_path')
[1.701s] INFO:colcon.colcon_core.plugin_system:Skipping extension 'colcon_core.shell.bat': Not used on non-Windows systems
[1.701s] INFO:colcon.colcon_core.shell:Creating environment hook '/home/tanmmay/ros2_ws/install/turtle_controller/share/turtle_controller/hook/ament_prefix_path.ps1'
[1.703s] INFO:colcon.colcon_core.shell:Creating environment descriptor '/home/tanmmay/ros2_ws/install/turtle_controller/share/turtle_controller/hook/ament_prefix_path.dsv'
[1.704s] INFO:colcon.colcon_core.shell:Creating environment hook '/home/tanmmay/ros2_ws/install/turtle_controller/share/turtle_controller/hook/ament_prefix_path.sh'
[1.705s] INFO:colcon.colcon_core.shell:Skip shell extension 'powershell' for command environment: Not usable outside of PowerShell
[1.705s] DEBUG:colcon.colcon_core.shell:Skip shell extension 'dsv' for command environment
[2.034s] WARNING:colcon.colcon_ros.task.ament_python.build:Package 'turtle_controller' doesn't explicitly install a marker in the package index (colcon-ros currently does it implicitly but that fallback will be removed in the future)
[2.036s] WARNING:colcon.colcon_ros.task.ament_python.build:Package 'turtle_controller' doesn't explicitly install the 'package.xml' file (colcon-ros currently does it implicitly but that fallback will be removed in the future)
[2.037s] INFO:colcon.colcon_core.task.python.build:Building Python package in '/home/tanmmay/ros2_ws/src/turtle_controller'
[2.037s] INFO:colcon.colcon_core.shell:Skip shell extension 'powershell' for command environment: Not usable outside of PowerShell
[2.037s] DEBUG:colcon.colcon_core.shell:Skip shell extension 'dsv' for command environment
[2.862s] DEBUG:colcon.colcon_core.event_handler.log_command:Invoking command in '/home/tanmmay/ros2_ws/build/turtle_controller': PYTHONPATH=/home/tanmmay/ros2_ws/build/turtle_controller/prefix_override:/usr/lib/python3/dist-packages/colcon_core/task/python/colcon_distutils_commands:/home/tanmmay/ros2_ws/install/turtle_controller/lib/python3.10/site-packages:${PYTHONPATH} /usr/bin/python3 -W ignore:setup.py install is deprecated -W ignore:easy_install command is deprecated setup.py develop --editable --build-directory /home/tanmmay/ros2_ws/build/turtle_controller/build --no-deps
[3.399s] Level 1:colcon.colcon_core.shell:create_environment_hook('turtle_controller', 'pythonpath_develop')
[3.399s] INFO:colcon.colcon_core.shell:Creating environment hook '/home/tanmmay/ros2_ws/build/turtle_controller/share/turtle_controller/hook/pythonpath_develop.ps1'
[3.400s] DEBUG:colcon.colcon_core.event_handler.log_command:Invoked command in '/home/tanmmay/ros2_ws/build/turtle_controller' returned '0': PYTHONPATH=/home/tanmmay/ros2_ws/build/turtle_controller/prefix_override:/usr/lib/python3/dist-packages/colcon_core/task/python/colcon_distutils_commands:/home/tanmmay/ros2_ws/install/turtle_controller/lib/python3.10/site-packages:${PYTHONPATH} /usr/bin/python3 -W ignore:setup.py install is deprecated -W ignore:easy_install command is deprecated setup.py develop --editable --build-directory /home/tanmmay/ros2_ws/build/turtle_controller/build --no-deps
[3.401s] INFO:colcon.colcon_core.shell:Creating environment descriptor '/home/tanmmay/ros2_ws/build/turtle_controller/share/turtle_controller/hook/pythonpath_develop.dsv'
[3.401s] INFO:colcon.colcon_core.shell:Creating environment hook '/home/tanmmay/ros2_ws/build/turtle_controller/share/turtle_controller/hook/pythonpath_develop.sh'
[3.414s] Level 1:colcon.colcon_core.environment:checking '/home/tanmmay/ros2_ws/install/turtle_controller' for CMake module files
[3.414s] Level 1:colcon.colcon_core.environment:checking '/home/tanmmay/ros2_ws/install/turtle_controller' for CMake config files
[3.415s] Level 1:colcon.colcon_core.environment:checking '/home/tanmmay/ros2_ws/install/turtle_controller/lib'
[3.415s] Level 1:colcon.colcon_core.environment:checking '/home/tanmmay/ros2_ws/install/turtle_controller/bin'
[3.415s] Level 1:colcon.colcon_core.environment:checking '/home/tanmmay/ros2_ws/install/turtle_controller/lib/pkgconfig/turtle_controller.pc'
[3.415s] Level 1:colcon.colcon_core.environment:checking '/home/tanmmay/ros2_ws/install/turtle_controller/lib/python3.10/site-packages'
[3.415s] Level 1:colcon.colcon_core.shell:create_environment_hook('turtle_controller', 'pythonpath')
[3.415s] INFO:colcon.colcon_core.shell:Creating environment hook '/home/tanmmay/ros2_ws/install/turtle_controller/share/turtle_controller/hook/pythonpath.ps1'
[3.416s] INFO:colcon.colcon_core.shell:Creating environment descriptor '/home/tanmmay/ros2_ws/install/turtle_controller/share/turtle_controller/hook/pythonpath.dsv'
[3.416s] INFO:colcon.colcon_core.shell:Creating environment hook '/home/tanmmay/ros2_ws/install/turtle_controller/share/turtle_controller/hook/pythonpath.sh'
[3.416s] Level 1:colcon.colcon_core.environment:checking '/home/tanmmay/ros2_ws/install/turtle_controller/bin'
[3.416s] Level 1:colcon.colcon_core.environment:create_environment_scripts_only(turtle_controller)
[3.417s] INFO:colcon.colcon_core.shell:Creating package script '/home/tanmmay/ros2_ws/install/turtle_controller/share/turtle_controller/package.ps1'
[3.418s] INFO:colcon.colcon_core.shell:Creating package descriptor '/home/tanmmay/ros2_ws/install/turtle_controller/share/turtle_controller/package.dsv'
[3.419s] INFO:colcon.colcon_core.shell:Creating package script '/home/tanmmay/ros2_ws/install/turtle_controller/share/turtle_controller/package.sh'
[3.420s] INFO:colcon.colcon_core.shell:Creating package script '/home/tanmmay/ros2_ws/install/turtle_controller/share/turtle_controller/package.bash'
[3.421s] INFO:colcon.colcon_core.shell:Creating package script '/home/tanmmay/ros2_ws/install/turtle_controller/share/turtle_controller/package.zsh'
[3.423s] Level 1:colcon.colcon_core.environment:create_file_with_runtime_dependencies(/home/tanmmay/ros2_ws/install/turtle_controller/share/colcon-core/packages/turtle_controller)
[3.424s] DEBUG:colcon.colcon_parallel_executor.executor.parallel:closing loop
[3.425s] DEBUG:colcon.colcon_parallel_executor.executor.parallel:loop closed
[3.425s] DEBUG:colcon.colcon_parallel_executor.executor.parallel:run_until_complete finished with '0'
[3.425s] DEBUG:colcon.colcon_core.event_reactor:joining thread
[3.564s] INFO:colcon.colcon_core.plugin_system:Skipping extension 'colcon_notification.desktop_notification.notify_send': Could not find 'notify-send'
[3.564s] INFO:colcon.colcon_core.plugin_system:Skipping extension 'colcon_notification.desktop_notification.terminal_notifier': Not used on non-Darwin systems
[3.564s] INFO:colcon.colcon_core.plugin_system:Skipping extension 'colcon_notification.desktop_notification.win32': Not used on non-Windows systems
[3.564s] INFO:colcon.colcon_notification.desktop_notification:Sending desktop notification using 'notify2'
[3.564s] DEBUG:colcon.colcon_notification.desktop_notification.notify2:Failed to initialize notify2: org.freedesktop.DBus.Error.FileNotFound: Failed to connect to socket /run/user/1000/bus: No such file or directory
[3.565s] DEBUG:colcon.colcon_core.event_reactor:joined thread
[3.565s] INFO:colcon.colcon_core.shell:Creating prefix script '/home/tanmmay/ros2_ws/install/local_setup.ps1'
[3.568s] INFO:colcon.colcon_core.shell:Creating prefix util module '/home/tanmmay/ros2_ws/install/_local_setup_util_ps1.py'
[3.570s] INFO:colcon.colcon_core.shell:Creating prefix chain script '/home/tanmmay/ros2_ws/install/setup.ps1'
[3.572s] INFO:colcon.colcon_core.shell:Creating prefix script '/home/tanmmay/ros2_ws/install/local_setup.sh'
[3.574s] INFO:colcon.colcon_core.shell:Creating prefix util module '/home/tanmmay/ros2_ws/install/_local_setup_util_sh.py'
[3.574s] INFO:colcon.colcon_core.shell:Creating prefix chain script '/home/tanmmay/ros2_ws/install/setup.sh'
[3.577s] INFO:colcon.colcon_core.shell:Creating prefix script '/home/tanmmay/ros2_ws/install/local_setup.bash'
[3.578s] INFO:colcon.colcon_core.shell:Creating prefix chain script '/home/tanmmay/ros2_ws/install/setup.bash'
[3.580s] INFO:colcon.colcon_core.shell:Creating prefix script '/home/tanmmay/ros2_ws/install/local_setup.zsh'
[3.581s] INFO:colcon.colcon_core.shell:Creating prefix chain script '/home/tanmmay/ros2_ws/install/setup.zsh'
